0 info it worked if it ends with ok
1 verbose cli [ '/usr/local/bin/node',
1 verbose cli   '/usr/local/bin/npm',
1 verbose cli   'install',
1 verbose cli   'phantomjs',
1 verbose cli   '--save-dev' ]
2 info using npm@1.4.28
3 info using node@v0.10.33
4 verbose cache add [ 'phantomjs', null ]
5 verbose cache add name=undefined spec="phantomjs" args=["phantomjs",null]
6 verbose parsed url { protocol: null,
6 verbose parsed url   slashes: null,
6 verbose parsed url   auth: null,
6 verbose parsed url   host: null,
6 verbose parsed url   port: null,
6 verbose parsed url   hostname: null,
6 verbose parsed url   hash: null,
6 verbose parsed url   search: null,
6 verbose parsed url   query: null,
6 verbose parsed url   pathname: 'phantomjs',
6 verbose parsed url   path: 'phantomjs',
6 verbose parsed url   href: 'phantomjs' }
7 silly lockFile 30d7cd7d-phantomjs phantomjs
8 verbose lock phantomjs /Users/pavan/.npm/30d7cd7d-phantomjs.lock
9 silly lockFile 30d7cd7d-phantomjs phantomjs
10 silly lockFile 30d7cd7d-phantomjs phantomjs
11 verbose addNamed [ 'phantomjs', '' ]
12 verbose addNamed [ null, '*' ]
13 silly lockFile 29cf7fd6-phantomjs phantomjs@
14 verbose lock phantomjs@ /Users/pavan/.npm/29cf7fd6-phantomjs.lock
15 silly addNameRange { name: 'phantomjs', range: '*', hasData: false }
16 verbose request where is /phantomjs
17 verbose request registry https://registry.npmjs.org/
18 verbose request id b88b8e2ab6f1630e
19 verbose url raw /phantomjs
20 verbose url resolving [ 'https://registry.npmjs.org/', './phantomjs' ]
21 verbose url resolved https://registry.npmjs.org/phantomjs
22 verbose request where is https://registry.npmjs.org/phantomjs
23 info trying registry request attempt 1 at 15:21:31
24 verbose etag "D23SLN1427GYI2LHJ49RTUDGC"
25 http GET https://registry.npmjs.org/phantomjs
26 http 200 https://registry.npmjs.org/phantomjs
27 silly registry.get cb [ 200,
27 silly registry.get   { server: 'CouchDB/1.5.0 (Erlang OTP/R16B03)',
27 silly registry.get     etag: '"BE4UANUXAQWEFOFLNHYA2Z7WT"',
27 silly registry.get     'content-type': 'application/json',
27 silly registry.get     'cache-control': 'max-age=60',
27 silly registry.get     'content-length': '98910',
27 silly registry.get     'accept-ranges': 'bytes',
27 silly registry.get     date: 'Mon, 09 Nov 2015 04:21:05 GMT',
27 silly registry.get     via: '1.1 varnish',
27 silly registry.get     age: '49',
27 silly registry.get     connection: 'keep-alive',
27 silly registry.get     'x-served-by': 'cache-mel6521-MEL',
27 silly registry.get     'x-cache': 'HIT',
27 silly registry.get     'x-cache-hits': '1',
27 silly registry.get     'x-timer': 'S1447042865.040229,VS0,VE1',
27 silly registry.get     vary: 'Accept' } ]
28 silly addNameRange number 2 { name: 'phantomjs', range: '*', hasData: true }
29 silly addNameRange versions [ 'phantomjs',
29 silly addNameRange   [ '0.0.1',
29 silly addNameRange     '0.0.2',
29 silly addNameRange     '0.0.3',
29 silly addNameRange     '0.0.4',
29 silly addNameRange     '0.0.5',
29 silly addNameRange     '0.0.6',
29 silly addNameRange     '0.0.7',
29 silly addNameRange     '0.0.8',
29 silly addNameRange     '0.0.9',
29 silly addNameRange     '0.1.0',
29 silly addNameRange     '0.1.1',
29 silly addNameRange     '0.2.0',
29 silly addNameRange     '0.2.1',
29 silly addNameRange     '0.2.2',
29 silly addNameRange     '0.2.3',
29 silly addNameRange     '0.2.4',
29 silly addNameRange     '0.2.5',
29 silly addNameRange     '0.2.6',
29 silly addNameRange     '1.8.0-1',
29 silly addNameRange     '1.8.1-1',
29 silly addNameRange     '1.8.1-2',
29 silly addNameRange     '1.8.1-3',
29 silly addNameRange     '1.8.2-0',
29 silly addNameRange     '1.8.2-1',
29 silly addNameRange     '1.8.2-2',
29 silly addNameRange     '1.9.0-0',
29 silly addNameRange     '1.9.0-1',
29 silly addNameRange     '1.9.0-2',
29 silly addNameRange     '1.9.0-3',
29 silly addNameRange     '1.9.0-4',
29 silly addNameRange     '1.9.0-5',
29 silly addNameRange     '1.9.0-6',
29 silly addNameRange     '1.9.1-0',
29 silly addNameRange     '1.9.1-2',
29 silly addNameRange     '1.9.1-3',
29 silly addNameRange     '1.9.1-4',
29 silly addNameRange     '1.9.1-5',
29 silly addNameRange     '1.9.1-6',
29 silly addNameRange     '1.9.1-7',
29 silly addNameRange     '1.9.1-8',
29 silly addNameRange     '1.9.1-9',
29 silly addNameRange     '1.9.2-0',
29 silly addNameRange     '1.9.2-1',
29 silly addNameRange     '1.9.2-2',
29 silly addNameRange     '1.9.2-3',
29 silly addNameRange     '1.9.2-4',
29 silly addNameRange     '1.9.2-5',
29 silly addNameRange     '1.9.2-6',
29 silly addNameRange     '1.9.6-0',
29 silly addNameRange     '1.9.7-1',
29 silly addNameRange     '1.9.7-3',
29 silly addNameRange     '1.9.7-4',
29 silly addNameRange     '1.9.7-5',
29 silly addNameRange     '1.9.7-6',
29 silly addNameRange     '1.9.7-7',
29 silly addNameRange     '1.9.7-8',
29 silly addNameRange     '1.9.7-9',
29 silly addNameRange     '1.9.7-10',
29 silly addNameRange     '1.9.7-11',
29 silly addNameRange     '1.9.7-12',
29 silly addNameRange     '1.9.7-13',
29 silly addNameRange     '1.9.7-14',
29 silly addNameRange     '1.9.7-15',
29 silly addNameRange     '1.8.2-3',
29 silly addNameRange     '1.9.8',
29 silly addNameRange     '1.9.9',
29 silly addNameRange     '1.9.10',
29 silly addNameRange     '1.9.11',
29 silly addNameRange     '1.9.12',
29 silly addNameRange     '1.9.13',
29 silly addNameRange     '1.9.15',
29 silly addNameRange     '1.9.16',
29 silly addNameRange     '1.9.17',
29 silly addNameRange     '1.9.18' ] ]
30 verbose addNamed [ 'phantomjs', '1.9.18' ]
31 verbose addNamed [ '1.9.18', '1.9.18' ]
32 silly lockFile d4814af2-phantomjs-1-9-18 phantomjs@1.9.18
33 verbose lock phantomjs@1.9.18 /Users/pavan/.npm/d4814af2-phantomjs-1-9-18.lock
34 silly lockFile 53f8c90e-g-phantomjs-phantomjs-1-9-18-tgz https://registry.npmjs.org/phantomjs/-/phantomjs-1.9.18.tgz
35 verbose lock https://registry.npmjs.org/phantomjs/-/phantomjs-1.9.18.tgz /Users/pavan/.npm/53f8c90e-g-phantomjs-phantomjs-1-9-18-tgz.lock
36 verbose addRemoteTarball [ 'https://registry.npmjs.org/phantomjs/-/phantomjs-1.9.18.tgz',
36 verbose addRemoteTarball   'e876fce89b143a6c01c24e0332ef3822851cace1' ]
37 info retry fetch attempt 1 at 15:21:32
38 verbose fetch to= /var/folders/3c/w6ksjrvs28xfbc4ft45tltpr0000gp/T/npm-22929-qyhoy0mq/registry.npmjs.org/phantomjs/-/phantomjs-1.9.18.tgz
39 http GET https://registry.npmjs.org/phantomjs/-/phantomjs-1.9.18.tgz
40 http 200 https://registry.npmjs.org/phantomjs/-/phantomjs-1.9.18.tgz
41 silly lockFile 53f8c90e-g-phantomjs-phantomjs-1-9-18-tgz https://registry.npmjs.org/phantomjs/-/phantomjs-1.9.18.tgz
42 silly lockFile 53f8c90e-g-phantomjs-phantomjs-1-9-18-tgz https://registry.npmjs.org/phantomjs/-/phantomjs-1.9.18.tgz
43 silly lockFile d4814af2-phantomjs-1-9-18 phantomjs@1.9.18
44 silly lockFile d4814af2-phantomjs-1-9-18 phantomjs@1.9.18
45 silly lockFile 29cf7fd6-phantomjs phantomjs@
46 silly lockFile 29cf7fd6-phantomjs phantomjs@
47 error Error: EACCES, mkdir '/Users/pavan/.npm/phantomjs/1.9.18'
47 error  { [Error: EACCES, mkdir '/Users/pavan/.npm/phantomjs/1.9.18']
47 error   errno: 3,
47 error   code: 'EACCES',
47 error   path: '/Users/pavan/.npm/phantomjs/1.9.18' }
48 error Please try running this command again as root/Administrator.
49 error System Darwin 14.4.0
50 error command "/usr/local/bin/node" "/usr/local/bin/npm" "install" "phantomjs" "--save-dev"
51 error cwd /Users/pavan/Documents/ProtractorTests/Cart
52 error node -v v0.10.33
53 error npm -v 1.4.28
54 error path /Users/pavan/.npm/phantomjs/1.9.18
55 error code EACCES
56 error errno 3
57 error stack Error: EACCES, mkdir '/Users/pavan/.npm/phantomjs/1.9.18'
58 verbose exit [ 3, true ]
