[INFO  - 2015-11-09T04:25:24.701Z] GhostDriver - Main - running on port 19514
[INFO  - 2015-11-09T04:25:24.831Z] Session [e5ce02b0-8699-11e5-bacd-9352bc095820] - page.settings - {"XSSAuditingEnabled":false,"javascriptCanCloseWindows":true,"javascriptCanOpenWindows":true,"javascriptEnabled":true,"loadImages":true,"localToRemoteUrlAccessEnabled":false,"userAgent":"Mozilla/5.0 (Macintosh; PPC Mac OS X) AppleWebKit/534.34 (KHTML, like Gecko) PhantomJS/1.9.8 Safari/534.34","webSecurityEnabled":true}
[INFO  - 2015-11-09T04:25:24.831Z] Session [e5ce02b0-8699-11e5-bacd-9352bc095820] - page.customHeaders:  - {}
[INFO  - 2015-11-09T04:25:24.831Z] Session [e5ce02b0-8699-11e5-bacd-9352bc095820] - Session.negotiatedCapabilities - {"browserName":"phantomjs","version":"1.9.8","driverName":"ghostdriver","driverVersion":"1.1.0","platform":"mac-10.10 (Yosemite)-64bit","javascriptEnabled":true,"takesScreenshot":true,"handlesAlerts":false,"databaseEnabled":false,"locationContextEnabled":false,"applicationCacheEnabled":false,"browserConnectionEnabled":false,"cssSelectorsEnabled":true,"webStorageEnabled":false,"rotatable":false,"acceptSslCerts":false,"nativeEvents":true,"proxy":{"proxyType":"direct"}}
[INFO  - 2015-11-09T04:25:24.831Z] SessionManagerReqHand - _postNewSessionCommand - New Session Created: e5ce02b0-8699-11e5-bacd-9352bc095820
[INFO  - 2015-11-09T04:25:54.347Z] ShutdownReqHand - _handle - About to shutdown
[INFO  - 2015-11-09T04:34:08.659Z] GhostDriver - Main - running on port 24382
[INFO  - 2015-11-09T04:34:08.861Z] Session [1e26cba0-869b-11e5-8b9e-a7d325bd1bf3] - page.settings - {"XSSAuditingEnabled":false,"javascriptCanCloseWindows":true,"javascriptCanOpenWindows":true,"javascriptEnabled":true,"loadImages":true,"localToRemoteUrlAccessEnabled":false,"userAgent":"Mozilla/5.0 (Macintosh; PPC Mac OS X) AppleWebKit/534.34 (KHTML, like Gecko) PhantomJS/1.9.8 Safari/534.34","webSecurityEnabled":true}
[INFO  - 2015-11-09T04:34:08.862Z] Session [1e26cba0-869b-11e5-8b9e-a7d325bd1bf3] - page.customHeaders:  - {}
[INFO  - 2015-11-09T04:34:08.862Z] Session [1e26cba0-869b-11e5-8b9e-a7d325bd1bf3] - Session.negotiatedCapabilities - {"browserName":"phantomjs","version":"1.9.8","driverName":"ghostdriver","driverVersion":"1.1.0","platform":"mac-10.10 (Yosemite)-64bit","javascriptEnabled":true,"takesScreenshot":true,"handlesAlerts":false,"databaseEnabled":false,"locationContextEnabled":false,"applicationCacheEnabled":false,"browserConnectionEnabled":false,"cssSelectorsEnabled":true,"webStorageEnabled":false,"rotatable":false,"acceptSslCerts":false,"nativeEvents":true,"proxy":{"proxyType":"direct"}}
[INFO  - 2015-11-09T04:34:08.862Z] SessionManagerReqHand - _postNewSessionCommand - New Session Created: 1e26cba0-869b-11e5-8b9e-a7d325bd1bf3
[INFO  - 2015-11-09T04:34:38.239Z] ShutdownReqHand - _handle - About to shutdown
[INFO  - 2015-11-09T04:45:41.772Z] GhostDriver - Main - running on port 38383
[INFO  - 2015-11-09T04:45:41.979Z] Session [bb483580-869c-11e5-af38-0d75adb1123d] - page.settings - {"XSSAuditingEnabled":false,"javascriptCanCloseWindows":true,"javascriptCanOpenWindows":true,"javascriptEnabled":true,"loadImages":true,"localToRemoteUrlAccessEnabled":false,"userAgent":"Mozilla/5.0 (Macintosh; PPC Mac OS X) AppleWebKit/534.34 (KHTML, like Gecko) PhantomJS/1.9.8 Safari/534.34","webSecurityEnabled":true}
[INFO  - 2015-11-09T04:45:41.979Z] Session [bb483580-869c-11e5-af38-0d75adb1123d] - page.customHeaders:  - {}
[INFO  - 2015-11-09T04:45:41.979Z] Session [bb483580-869c-11e5-af38-0d75adb1123d] - Session.negotiatedCapabilities - {"browserName":"phantomjs","version":"1.9.8","driverName":"ghostdriver","driverVersion":"1.1.0","platform":"mac-10.10 (Yosemite)-64bit","javascriptEnabled":true,"takesScreenshot":true,"handlesAlerts":false,"databaseEnabled":false,"locationContextEnabled":false,"applicationCacheEnabled":false,"browserConnectionEnabled":false,"cssSelectorsEnabled":true,"webStorageEnabled":false,"rotatable":false,"acceptSslCerts":false,"nativeEvents":true,"proxy":{"proxyType":"direct"}}
[INFO  - 2015-11-09T04:45:41.979Z] SessionManagerReqHand - _postNewSessionCommand - New Session Created: bb483580-869c-11e5-af38-0d75adb1123d
[INFO  - 2015-11-09T04:46:08.062Z] ShutdownReqHand - _handle - About to shutdown
[INFO  - 2015-11-09T04:57:21.602Z] GhostDriver - Main - running on port 7819
[INFO  - 2015-11-09T04:57:21.634Z] Session [5c4eefe0-869e-11e5-9fc2-bf468654594e] - page.settings - {"XSSAuditingEnabled":false,"javascriptCanCloseWindows":true,"javascriptCanOpenWindows":true,"javascriptEnabled":true,"loadImages":true,"localToRemoteUrlAccessEnabled":false,"userAgent":"Mozilla/5.0 (Macintosh; PPC Mac OS X) AppleWebKit/534.34 (KHTML, like Gecko) PhantomJS/1.9.8 Safari/534.34","webSecurityEnabled":true}
[INFO  - 2015-11-09T04:57:21.634Z] Session [5c4eefe0-869e-11e5-9fc2-bf468654594e] - page.customHeaders:  - {}
[INFO  - 2015-11-09T04:57:21.634Z] Session [5c4eefe0-869e-11e5-9fc2-bf468654594e] - Session.negotiatedCapabilities - {"browserName":"phantomjs","version":"1.9.8","driverName":"ghostdriver","driverVersion":"1.1.0","platform":"mac-10.10 (Yosemite)-64bit","javascriptEnabled":true,"takesScreenshot":true,"handlesAlerts":false,"databaseEnabled":false,"locationContextEnabled":false,"applicationCacheEnabled":false,"browserConnectionEnabled":false,"cssSelectorsEnabled":true,"webStorageEnabled":false,"rotatable":false,"acceptSslCerts":false,"nativeEvents":true,"proxy":{"proxyType":"direct"}}
[INFO  - 2015-11-09T04:57:21.634Z] SessionManagerReqHand - _postNewSessionCommand - New Session Created: 5c4eefe0-869e-11e5-9fc2-bf468654594e
[INFO  - 2015-11-09T04:57:51.092Z] ShutdownReqHand - _handle - About to shutdown
[INFO  - 2015-11-09T05:07:50.182Z] GhostDriver - Main - running on port 10448
[INFO  - 2015-11-09T05:07:50.338Z] Session [d30b8de0-869f-11e5-abe2-290497c603f3] - page.settings - {"XSSAuditingEnabled":false,"javascriptCanCloseWindows":true,"javascriptCanOpenWindows":true,"javascriptEnabled":true,"loadImages":true,"localToRemoteUrlAccessEnabled":false,"userAgent":"Mozilla/5.0 (Macintosh; PPC Mac OS X) AppleWebKit/534.34 (KHTML, like Gecko) PhantomJS/1.9.8 Safari/534.34","webSecurityEnabled":true}
[INFO  - 2015-11-09T05:07:50.338Z] Session [d30b8de0-869f-11e5-abe2-290497c603f3] - page.customHeaders:  - {}
[INFO  - 2015-11-09T05:07:50.338Z] Session [d30b8de0-869f-11e5-abe2-290497c603f3] - Session.negotiatedCapabilities - {"browserName":"phantomjs","version":"1.9.8","driverName":"ghostdriver","driverVersion":"1.1.0","platform":"mac-10.10 (Yosemite)-64bit","javascriptEnabled":true,"takesScreenshot":true,"handlesAlerts":false,"databaseEnabled":false,"locationContextEnabled":false,"applicationCacheEnabled":false,"browserConnectionEnabled":false,"cssSelectorsEnabled":true,"webStorageEnabled":false,"rotatable":false,"acceptSslCerts":false,"nativeEvents":true,"proxy":{"proxyType":"direct"}}
[INFO  - 2015-11-09T05:07:50.338Z] SessionManagerReqHand - _postNewSessionCommand - New Session Created: d30b8de0-869f-11e5-abe2-290497c603f3
[INFO  - 2015-11-09T05:08:20.232Z] ShutdownReqHand - _handle - About to shutdown
[INFO  - 2015-11-09T05:15:46.170Z] GhostDriver - Main - running on port 7254
[INFO  - 2015-11-09T05:15:46.478Z] Session [eed8e7b0-86a0-11e5-90be-836ab113c646] - page.settings - {"XSSAuditingEnabled":false,"javascriptCanCloseWindows":true,"javascriptCanOpenWindows":true,"javascriptEnabled":true,"loadImages":true,"localToRemoteUrlAccessEnabled":false,"userAgent":"Mozilla/5.0 (Macintosh; PPC Mac OS X) AppleWebKit/534.34 (KHTML, like Gecko) PhantomJS/1.9.8 Safari/534.34","webSecurityEnabled":false}
[INFO  - 2015-11-09T05:15:46.479Z] Session [eed8e7b0-86a0-11e5-90be-836ab113c646] - page.customHeaders:  - {}
[INFO  - 2015-11-09T05:15:46.479Z] Session [eed8e7b0-86a0-11e5-90be-836ab113c646] - Session.negotiatedCapabilities - {"browserName":"phantomjs","version":"1.9.8","driverName":"ghostdriver","driverVersion":"1.1.0","platform":"mac-10.10 (Yosemite)-64bit","javascriptEnabled":true,"takesScreenshot":true,"handlesAlerts":false,"databaseEnabled":false,"locationContextEnabled":false,"applicationCacheEnabled":false,"browserConnectionEnabled":false,"cssSelectorsEnabled":true,"webStorageEnabled":false,"rotatable":false,"acceptSslCerts":false,"nativeEvents":true,"proxy":{"proxyType":"direct"}}
[INFO  - 2015-11-09T05:15:46.479Z] SessionManagerReqHand - _postNewSessionCommand - New Session Created: eed8e7b0-86a0-11e5-90be-836ab113c646
[INFO  - 2015-11-10T02:46:31.287Z] GhostDriver - Main - running on port 6293
[INFO  - 2015-11-10T02:46:31.595Z] Session [3fbbf280-8755-11e5-9f9e-b1776a7611f9] - page.settings - {"XSSAuditingEnabled":false,"javascriptCanCloseWindows":true,"javascriptCanOpenWindows":true,"javascriptEnabled":true,"loadImages":true,"localToRemoteUrlAccessEnabled":false,"userAgent":"Mozilla/5.0 (Macintosh; PPC Mac OS X) AppleWebKit/534.34 (KHTML, like Gecko) PhantomJS/1.9.8 Safari/534.34","webSecurityEnabled":false}
[INFO  - 2015-11-10T02:46:31.595Z] Session [3fbbf280-8755-11e5-9f9e-b1776a7611f9] - page.customHeaders:  - {}
[INFO  - 2015-11-10T02:46:31.595Z] Session [3fbbf280-8755-11e5-9f9e-b1776a7611f9] - Session.negotiatedCapabilities - {"browserName":"phantomjs","version":"1.9.8","driverName":"ghostdriver","driverVersion":"1.1.0","platform":"mac-10.10 (Yosemite)-64bit","javascriptEnabled":true,"takesScreenshot":true,"handlesAlerts":false,"databaseEnabled":false,"locationContextEnabled":false,"applicationCacheEnabled":false,"browserConnectionEnabled":false,"cssSelectorsEnabled":true,"webStorageEnabled":false,"rotatable":false,"acceptSslCerts":false,"nativeEvents":true,"proxy":{"proxyType":"direct"}}
[INFO  - 2015-11-10T02:46:31.595Z] SessionManagerReqHand - _postNewSessionCommand - New Session Created: 3fbbf280-8755-11e5-9f9e-b1776a7611f9
